<?xml version="1.0" encoding="UTF-8"?>
<!-- Generated by org.testng.reporters.JUnitReportReporter -->
<testsuite hostname="DESKTOP-Sunil" failures="0" tests="2" name="com.parabankautomationtest.RegisterPageTest" time="11.862" errors="0" timestamp="2024-09-22T17:55:55 IST" skipped="0">
  <testcase classname="com.parabankautomationtest.RegisterPageTest" name="registrationSuccessfull" time="6.201"/>
  <testcase classname="com.parabankautomationtest.RegisterPageTest" name="alreadyExistCustomer" time="5.661"/>
</testsuite> <!-- com.parabankautomationtest.RegisterPageTest -->
