<?xml version="1.0" encoding="UTF-8"?>
<!-- Generated by org.testng.reporters.JUnitReportReporter -->
<testsuite hostname="DESKTOP-Sunil" failures="0" tests="2" name="com.parabankautomationtest.RegisterPageTest" time="21.009" errors="0" timestamp="2024-09-23T22:22:02 IST" skipped="0">
  <testcase classname="com.parabankautomationtest.RegisterPageTest" name="registrationSuccessfull" time="11.186"/>
  <testcase classname="com.parabankautomationtest.RegisterPageTest" name="alreadyExistCustomer" time="9.823"/>
</testsuite> <!-- com.parabankautomationtest.RegisterPageTest -->
