<?xml version="1.0" encoding="UTF-8"?>
<!-- Generated by org.testng.reporters.JUnitReportReporter -->
<testsuite hostname="DESKTOP-Sunil" failures="0" tests="2" name="com.parabankautomationtest.RegisterPageTest" time="15.160" errors="0" timestamp="2024-09-21T23:38:10 IST" skipped="0">
  <testcase classname="com.parabankautomationtest.RegisterPageTest" name="alreadyExistCustomer" time="8.152"/>
  <testcase classname="com.parabankautomationtest.RegisterPageTest" name="registrationSuccessfull" time="7.008"/>
</testsuite> <!-- com.parabankautomationtest.RegisterPageTest -->
