<?xml version="1.0" encoding="UTF-8"?>
<!-- Generated by org.testng.reporters.JUnitReportReporter -->
<testsuite hostname="DESKTOP-Sunil" failures="0" tests="3" name="com.parabankautomationtest.OpenAccountTest" time="65.985" errors="0" timestamp="2024-09-23T22:46:53 IST" skipped="2">
  <testcase classname="com.parabankautomationtest.OpenAccountTest" name="openSavingAccount" time="25.782">
    <skipped/>
  </testcase> <!-- openSavingAccount -->
  <testcase classname="com.parabankautomationtest.OpenAccountTest" name="openSavingAccount" time="14.901"/>
  <testcase classname="com.parabankautomationtest.OpenAccountTest" name="openSavingAccount" time="25.302">
    <skipped/>
  </testcase> <!-- openSavingAccount -->
</testsuite> <!-- com.parabankautomationtest.OpenAccountTest -->
