<?xml version="1.0" encoding="UTF-8"?>
<!-- Generated by org.testng.reporters.JUnitReportReporter -->
<testsuite hostname="DESKTOP-Sunil" failures="0" tests="2" name="com.parabankautomationtest.LoginPageTest" time="68.492" errors="0" timestamp="2024-09-23T22:46:53 IST" skipped="1">
  <testcase classname="com.parabankautomationtest.LoginPageTest" name="SuccessfulLogin" time="63.890">
    <skipped/>
  </testcase> <!-- SuccessfulLogin -->
  <testcase classname="com.parabankautomationtest.LoginPageTest" name="SuccessfulLogin" time="4.602"/>
</testsuite> <!-- com.parabankautomationtest.LoginPageTest -->
