<?xml version="1.0" encoding="UTF-8"?>
<!-- Generated by org.testng.reporters.JUnitReportReporter -->
<testsuite hostname="DESKTOP-Sunil" failures="0" tests="1" name="com.parabankautomationtest.LoginPageTest" time="5.526" errors="0" timestamp="2024-09-22T17:55:55 IST" skipped="0">
  <testcase classname="com.parabankautomationtest.LoginPageTest" name="SuccessfulLogin" time="5.526"/>
</testsuite> <!-- com.parabankautomationtest.LoginPageTest -->
