<?xml version="1.0" encoding="UTF-8"?>
<!-- Generated by org.testng.reporters.JUnitReportReporter -->
<testsuite hostname="DESKTOP-Sunil" failures="0" tests="2" name="com.parabankautomationtest.RequestLoanPageTest" time="12.120" errors="0" timestamp="2024-09-22T17:55:55 IST" skipped="0">
  <testcase classname="com.parabankautomationtest.RequestLoanPageTest" name="loanDenied" time="6.521"/>
  <testcase classname="com.parabankautomationtest.RequestLoanPageTest" name="loanApproved" time="5.599"/>
</testsuite> <!-- com.parabankautomationtest.RequestLoanPageTest -->
