<?xml version="1.0" encoding="UTF-8"?>
<!-- Generated by org.testng.reporters.JUnitReportReporter -->
<testsuite hostname="DESKTOP-Sunil" failures="0" tests="2" name="com.parabankautomationtest.RequestLoanPageTest" time="15.158" errors="0" timestamp="2024-09-23T22:22:02 IST" skipped="0">
  <testcase classname="com.parabankautomationtest.RequestLoanPageTest" name="loanApproved" time="7.568"/>
  <testcase classname="com.parabankautomationtest.RequestLoanPageTest" name="loanDenied" time="7.590"/>
</testsuite> <!-- com.parabankautomationtest.RequestLoanPageTest -->
