<?xml version="1.0" encoding="UTF-8"?>
<!-- Generated by org.testng.reporters.JUnitReportReporter -->
<testsuite hostname="DESKTOP-Sunil" failures="0" tests="1" name="com.parabankautomationtest.OpenAccountTest" time="6.509" errors="0" timestamp="2024-09-22T17:55:55 IST" skipped="0">
  <testcase classname="com.parabankautomationtest.OpenAccountTest" name="openSavingAccount" time="6.509"/>
</testsuite> <!-- com.parabankautomationtest.OpenAccountTest -->
