<?xml version="1.0" encoding="UTF-8"?>
<!-- Generated by org.testng.reporters.JUnitReportReporter -->
<testsuite hostname="DESKTOP-Sunil" failures="0" tests="1" name="com.parabankautomationtest.OpenAccountTest" time="8.466" errors="0" timestamp="2024-09-23T22:22:02 IST" skipped="0">
  <testcase classname="com.parabankautomationtest.OpenAccountTest" name="openSavingAccount" time="8.466"/>
</testsuite> <!-- com.parabankautomationtest.OpenAccountTest -->
