<?xml version="1.0" encoding="UTF-8"?>
<!-- Generated by org.testng.reporters.JUnitReportReporter -->
<testsuite hostname="DESKTOP-Sunil" failures="0" tests="1" name="com.parabankautomationtest.LoginPageTest" time="6.234" errors="0" timestamp="2024-09-23T22:22:02 IST" skipped="0">
  <testcase classname="com.parabankautomationtest.LoginPageTest" name="SuccessfulLogin" time="6.234"/>
</testsuite> <!-- com.parabankautomationtest.LoginPageTest -->
